<?xml version="1.0" encoding="UTF-8"?>
<!-- Generated by org.testng.reporters.JUnitXMLReporter -->
<testsuite ignored="0" hostname="Reddysekhar" failures="2" tests="2" name="Default test" time="0.64" errors="0" timestamp="2025-03-23T21:46:49 IST">
  <testcase classname="io.cucumber.testng.AbstractTestNGCucumberTests" name="runScenario" time="0.131">
    <failure type="java.lang.NullPointerException" message="Cannot invoke &amp;quot;com.aventstack.extentreports.ExtentTest.log(com.aventstack.extentreports.Status, String)&amp;quot; because &amp;quot;com.Tastynibbles.Browser.Browser.logger1&amp;quot; is null">
      <![CDATA[java.lang.NullPointerException: Cannot invoke "com.aventstack.extentreports.ExtentTest.log(com.aventstack.extentreports.Status, String)" because "com.Tastynibbles.Browser.Browser.logger1" is null
at com.Tastynibbles.Browser.Browser.openBrowser(Browser.java:40)
at com.Tastynibbles.StepDefinition.Registration.user_opens_the_browser(Registration.java:13)
at ✽.User opens the Browser(file:///C:/Users/reddy/eclipse-workspace/TastynibblesProject/src/test/resources/com.Tastynibbles.Feature/Registration1.feature:3)
]]>
    </failure>
  </testcase> <!-- runScenario -->
  <testcase classname="io.cucumber.testng.AbstractTestNGCucumberTests" name="runScenario" time="0.016">
    <failure type="java.lang.NullPointerException" message="Cannot invoke &amp;quot;com.aventstack.extentreports.ExtentTest.log(com.aventstack.extentreports.Status, String)&amp;quot; because &amp;quot;com.Tastynibbles.Browser.Browser.logger1&amp;quot; is null">
      <![CDATA[java.lang.NullPointerException: Cannot invoke "com.aventstack.extentreports.ExtentTest.log(com.aventstack.extentreports.Status, String)" because "com.Tastynibbles.Browser.Browser.logger1" is null
at com.Tastynibbles.Browser.Browser.openBrowser(Browser.java:40)
at com.Tastynibbles.StepDefinition.Registration.user_opens_the_browser(Registration.java:13)
at ✽.User opens the Browser(file:///C:/Users/reddy/eclipse-workspace/TastynibblesProject/src/test/resources/com.Tastynibbles.Feature/Registration1.feature:3)
]]>
    </failure>
  </testcase> <!-- runScenario -->
</testsuite> <!-- Default test -->
