<?xml version="1.0" encoding="UTF-8" ?>
<testsuite tests="7" failures="0" name="TestSuite" time="210.818" errors="0" skipped="0">
  <properties>
[...]
</properties>
  <testcase classname="com.Tastynibbles.Runner.TastyNibblesRegistration" name="runScenario" time="23.331"/>
  <testcase classname="com.Tastynibbles.Runner.TastyNibblesRegistration" name="runScenario" time="28.793"/>
  <testcase classname="com.Tastynibbles.Runner.TastyNibblesAddItemToCart" name="runScenario" time="36.447"/>
  <testcase classname="com.Tastynibbles.Runner.TastyNibblesLoginAndLogout" name="runScenario" time="27.225"/>
  <testcase classname="com.Tastynibbles.Runner.TastyNibblesLoginwithValidAndInavliddata" name="runScenario" time="29.592"/>
  <testcase classname="com.Tastynibbles.Runner.TastyNibblesLoginwithValidAndInavliddata" name="runScenario" time="25.417"/>
  <testcase classname="com.Tastynibbles.Runner.TastyNibblesAddMultipleItemstoCart" name="runScenario" time="38.662"/>
</testsuite>